+ chvt 8
+ tee /dev/tty8
++ date
+ echo 'Fri Oct  2 04:58:02 UTC 2015: Beginning post nochroot script...'
Fri Oct  2 04:58:02 UTC 2015: Beginning post nochroot script...
+ cp /tmp/rht-ks-pre.log /mnt/sysimage/root/rht-ks-pre.log
+ cp /tmp/rht /mnt/sysimage/etc/rht
+ cp /tmp/rht-ksvars /mnt/sysimage/etc/rht-ksvars
+ source /tmp/rht
++ RHT_VENUE=ilt
++ RHT_ENROLLMENT=1
++ RHT_ROLE=foundation
++ RHT_COURSE=
++ RHT_TITLE=
++ RHT_VMS=
++ RHT_MAXSTATIONS=20
++ RHT_VMTREE=rhel7.0/x86_64
+ source /tmp/rht-ksvars
++ COURSE=
++ RHTINST_MOUNT=/content
++ RHEL_RELEASE=rhel7.0
++ RHELH_TREE=rhel7.0/x86_64
++ RHT_INSTALLSOURCE=pxe
++ MAINDISK=sda
++ NIC1=p2p2
++ NIC2=wlp3s0
+ '[' 1 -eq 0 ']'
+ '[' 1 -eq 0 ']'
+ tee /dev/tty8
++ date
+ echo 'Fri Oct  2 04:58:02 UTC 2015: Post nochroot script complete.'
Fri Oct  2 04:58:02 UTC 2015: Post nochroot script complete.
+ chvt 6
+ chvt 8
+ tee /dev/tty8
++ date
+ echo 'Fri Oct  2 10:28:02 IST 2015: Beginning post script...'
Fri Oct  2 10:28:02 IST 2015: Beginning post script...
+ source /etc/rht
++ RHT_VENUE=ilt
++ RHT_ENROLLMENT=1
++ RHT_ROLE=foundation
++ RHT_COURSE=
++ RHT_TITLE=
++ RHT_VMS=
++ RHT_MAXSTATIONS=20
++ RHT_VMTREE=rhel7.0/x86_64
+ '[' 1 -ne 0 ']'
+ N=1
+ source /etc/rht-ksvars
++ COURSE=
++ RHTINST_MOUNT=/content
++ RHEL_RELEASE=rhel7.0
++ RHELH_TREE=rhel7.0/x86_64
++ RHT_INSTALLSOURCE=pxe
++ MAINDISK=sda
++ NIC1=p2p2
++ NIC2=wlp3s0
+ sed -i -e s/nobarrier/defaults/ /etc/fstab
+ '[' 1 -eq 0 ']'
+ '[' -f /etc/sysconfig/network-scripts/ifcfg-Wired_connection_1 ']'
+ cat
+ '[' 1 -eq 0 ']'
++ grep HWADDR /etc/sysconfig/network-scripts/ifcfg-p2p2
++ tr -d '"'
+ HWADDRLINE=HWADDR=A4:1F:72:81:11:E7
++ grep UUID /etc/sysconfig/network-scripts/ifcfg-p2p2
++ tr -d '"'
+ UUIDLINE=UUID=1c1e065b-1870-4dd6-8247-988d33e42756
+ cat
+ '[' 1 -eq 0 ']'
+ cat
+ ln -s ../privnet.xml /etc/libvirt/qemu/networks/autostart/privnet.xml
+ '[' 1 -eq 0 ']'
+ cat
+ '[' 1 -eq 0 ']'
+ cat
+ yum -y install foundation-config
+ tee /dev/tty8
Loaded plugins: langpacks, product-id, subscription-manager
This system is not registered to Red Hat Subscription Management. You can use subscription-manager to register.
Resolving Dependencies
--> Running transaction check
---> Package foundation-config.x86_64 0:7.0-1.r25322 will be installed
--> Processing Dependency: pexpect for package: foundation-config-7.0-1.r25322.x86_64
--> Running transaction check
---> Package pexpect.noarch 0:2.3-11.el7 will be installed
--> Finished Dependency Resolution

Dependencies Resolved

================================================================================
 Package                 Arch         Version              Repository      Size
================================================================================
Installing:
 foundation-config       x86_64       7.0-1.r25322         rht-ext         18 k
Installing for dependencies:
 pexpect                 noarch       2.3-11.el7           rhel-dvd       142 k

Transaction Summary
================================================================================
Install  1 Package (+1 Dependent package)

Total download size: 160 k
Installed size: 818 k
Downloading packages:
--------------------------------------------------------------------------------
Total                                              1.8 MB/s | 160 kB  00:00     
Running transaction check
Running transaction test
Transaction test succeeded
Running transaction
  Installing : pexpect-2.3-11.el7.noarch                                    1/2 
  Installing : foundation-config-7.0-1.r25322.x86_64                        2/2 
  Verifying  : pexpect-2.3-11.el7.noarch                                    1/2 
  Verifying  : foundation-config-7.0-1.r25322.x86_64                        2/2 

Installed:
  foundation-config.x86_64 0:7.0-1.r25322                                       

Dependency Installed:
  pexpect.noarch 0:2.3-11.el7                                                   

Complete!
+ '[' 1 -eq 0 ']'
+ '[' 1 -eq 0 ']'
+ tee /dev/tty8
++ date
+ echo 'Fri Oct  2 10:28:05 IST 2015: Post script complete.'
Fri Oct  2 10:28:05 IST 2015: Post script complete.
+ chvt 6
